<?xml version="1.0" encoding="UTF-8"?>
<testsuite xmlns:xsi="http://www.w3.org/2001/XMLSchema-instance" xsi:noNamespaceSchemaLocation="https://maven.apache.org/surefire/maven-surefire-plugin/xsd/surefire-test-report.xsd" version="3.0.2" name="com.cognizant.naming_server.NamingServerApplicationTests" time="14.142" tests="1" errors="0" skipped="0" failures="0">
  <properties>
[...]
</properties>
  <testcase name="contextLoads" classname="com.cognizant.naming_server.NamingServerApplicationTests" time="2.772">
    <system-out><![CDATA[Standard Commons Logging discovery in action with spring-jcl: please remove commons-logging.jar from classpath in order to avoid potential conflicts
16:38:04.790 [main] INFO org.springframework.test.context.support.AnnotationConfigContextLoaderUtils -- Could not detect default configuration classes for test class [com.cognizant.naming_server.NamingServerApplicationTests]: NamingServerApplicationTests does not declare any static, non-private, non-final, nested classes annotated with @Configuration.
16:38:05.123 [main] INFO org.springframework.boot.test.context.SpringBootTestContextBootstrapper -- Found @SpringBootConfiguration com.cognizant.naming_server.NamingServerApplication for test class com.cognizant.naming_server.NamingServerApplicationTests
16:38:05.897 [main] INFO org.springframework.boot.devtools.restart.RestartApplicationListener -- Restart disabled due to context in which it is running

  .   ____          _            __ _ _
 /\\ / ___'_ __ _ _(_)_ __  __ _ \ \ \ \
( ( )\___ | '_ | '_| | '_ \/ _` | \ \ \ \
 \\/  ___)| |_)| | | | | || (_| |  ) ) ) )
  '  |____| .__|_| |_|_| |_\__, | / / / /
 =========|_|==============|___/=/_/_/_/

 :: Spring Boot ::                (v3.4.0)

2025-04-25T16:38:06.821+05:30  INFO 24440 --- [naming-server] [           main] c.c.n.NamingServerApplicationTests       : Starting NamingServerApplicationTests using Java 21.0.3 with PID 24440 (started by 2317197 in C:\Users\2317197\Project\naming-server)
2025-04-25T16:38:06.821+05:30  INFO 24440 --- [naming-server] [           main] c.c.n.NamingServerApplicationTests       : No active profile set, falling back to 1 default profile: "default"
2025-04-25T16:38:10.192+05:30  INFO 24440 --- [naming-server] [           main] o.s.cloud.context.scope.GenericScope     : BeanFactory id=89198cb7-d1f4-3c8e-bbbd-3bc5f953d292
2025-04-25T16:38:13.447+05:30  WARN 24440 --- [naming-server] [           main] iguration$LoadBalancerCaffeineWarnLogger : Spring Cloud LoadBalancer is currently working with the default cache. While this cache implementation is useful for development and tests, it's recommended to use Caffeine cache in production.You can switch to using Caffeine cache, by adding it and org.springframework.cache.caffeine.CaffeineCacheManager to the classpath.
2025-04-25T16:38:14.032+05:30  INFO 24440 --- [naming-server] [           main] o.s.c.n.eureka.InstanceInfoFactory       : Setting initial instance status as: STARTING
2025-04-25T16:38:14.111+05:30  INFO 24440 --- [naming-server] [           main] com.netflix.discovery.DiscoveryClient    : Initializing Eureka in region us-east-1
2025-04-25T16:38:14.111+05:30  INFO 24440 --- [naming-server] [           main] com.netflix.discovery.DiscoveryClient    : Client configured to neither register nor query for data.
2025-04-25T16:38:14.126+05:30  INFO 24440 --- [naming-server] [           main] com.netflix.discovery.DiscoveryClient    : Discovery Client initialized at timestamp 1745579294111 with initial instances count: 0
2025-04-25T16:38:14.238+05:30  INFO 24440 --- [naming-server] [           main] c.n.eureka.DefaultEurekaServerContext    : Initializing ...
2025-04-25T16:38:14.244+05:30  INFO 24440 --- [naming-server] [           main] c.n.eureka.cluster.PeerEurekaNodes       : Adding new peer nodes [http://localhost:8761/eureka/]
2025-04-25T16:38:14.663+05:30  INFO 24440 --- [naming-server] [           main] c.n.d.provider.DiscoveryJerseyProvider   : Using JSON encoding codec LegacyJacksonJson
2025-04-25T16:38:14.663+05:30  INFO 24440 --- [naming-server] [           main] c.n.d.provider.DiscoveryJerseyProvider   : Using JSON decoding codec LegacyJacksonJson
2025-04-25T16:38:14.663+05:30  INFO 24440 --- [naming-server] [           main] c.n.d.provider.DiscoveryJerseyProvider   : Using XML encoding codec XStreamXml
2025-04-25T16:38:14.663+05:30  INFO 24440 --- [naming-server] [           main] c.n.d.provider.DiscoveryJerseyProvider   : Using XML decoding codec XStreamXml
2025-04-25T16:38:14.777+05:30  INFO 24440 --- [naming-server] [           main] c.n.eureka.cluster.PeerEurekaNodes       : Replica node URL:  http://localhost:8761/eureka/
2025-04-25T16:38:14.788+05:30  INFO 24440 --- [naming-server] [           main] c.n.e.registry.AbstractInstanceRegistry  : Finished initializing remote region registries. All known remote regions: []
2025-04-25T16:38:14.789+05:30  INFO 24440 --- [naming-server] [           main] c.n.eureka.DefaultEurekaServerContext    : Initialized
2025-04-25T16:38:15.070+05:30  INFO 24440 --- [naming-server] [           main] o.s.b.a.e.web.EndpointLinksResolver      : Exposing 1 endpoint beneath base path '/actuator'
2025-04-25T16:38:15.249+05:30  INFO 24440 --- [naming-server] [           main] o.s.c.n.e.s.EurekaServiceRegistry        : Registering application NAMING-SERVER with eureka with status UP
2025-04-25T16:38:15.293+05:30  INFO 24440 --- [naming-server] [      Thread-11] o.s.c.n.e.server.EurekaServerBootstrap   : isAws returned false
2025-04-25T16:38:15.294+05:30  INFO 24440 --- [naming-server] [      Thread-11] o.s.c.n.e.server.EurekaServerBootstrap   : Initialized server context
2025-04-25T16:38:15.296+05:30  INFO 24440 --- [naming-server] [      Thread-11] c.n.e.r.PeerAwareInstanceRegistryImpl    : Got 1 instances from neighboring DS node
2025-04-25T16:38:15.296+05:30  INFO 24440 --- [naming-server] [           main] c.c.n.NamingServerApplicationTests       : Started NamingServerApplicationTests in 9.418 seconds (process running for 12.235)
2025-04-25T16:38:15.296+05:30  INFO 24440 --- [naming-server] [      Thread-11] c.n.e.r.PeerAwareInstanceRegistryImpl    : Renew threshold is: 1
2025-04-25T16:38:15.296+05:30  INFO 24440 --- [naming-server] [      Thread-11] c.n.e.r.PeerAwareInstanceRegistryImpl    : Changing status to UP
2025-04-25T16:38:15.306+05:30  INFO 24440 --- [naming-server] [      Thread-11] e.s.EurekaServerInitializerConfiguration : Started Eureka Server
]]></system-out>
    <system-err><![CDATA[Mockito is currently self-attaching to enable the inline-mock-maker. This will no longer work in future releases of the JDK. Please add Mockito as an agent to your build what is described in Mockito's documentation: https://javadoc.io/doc/org.mockito/mockito-core/latest/org/mockito/Mockito.html#0.3
WARNING: A Java agent has been loaded dynamically (C:\Users\2317197\.m2\repository\net\bytebuddy\byte-buddy-agent\1.15.10\byte-buddy-agent-1.15.10.jar)
WARNING: If a serviceability tool is in use, please run with -XX:+EnableDynamicAgentLoading to hide this warning
WARNING: If a serviceability tool is not in use, please run with -Djdk.instrument.traceUsage for more information
WARNING: Dynamic loading of agents will be disallowed by default in a future release
]]></system-err>
  </testcase>
</testsuite>